d:\project-pentagram\retiles\debug\vc142.pdb
d:\project-pentagram\retiles\debug\vc142.idb
d:\project-pentagram\retiles\debug\transform.obj
d:\project-pentagram\retiles\debug\physicobject.obj
d:\project-pentagram\retiles\debug\level.obj
d:\project-pentagram\retiles\debug\timersystem.obj
d:\project-pentagram\retiles\debug\system.obj
d:\project-pentagram\retiles\debug\sprite.obj
d:\project-pentagram\retiles\debug\shader.obj
d:\project-pentagram\retiles\debug\player.obj
d:\project-pentagram\retiles\debug\main.obj
d:\project-pentagram\retiles\debug\gamestatelevel1.obj
d:\project-pentagram\retiles\debug\gameobject.obj
d:\project-pentagram\retiles\debug\chunk.obj
d:\project-pentagram\retiles\debug\cdt.obj
d:\project-pentagram\retiles\debug\camera.obj
d:\project-pentagram\retiles\debug\animatedobject.obj
d:\project-pentagram\retiles\debug\retiles.ilk
d:\project-pentagram\debug\retiles.exe
d:\project-pentagram\debug\retiles.pdb
d:\project-pentagram\retiles\debug\retiles.tlog\cl.command.1.tlog
d:\project-pentagram\retiles\debug\retiles.tlog\cl.read.1.tlog
d:\project-pentagram\retiles\debug\retiles.tlog\cl.write.1.tlog
d:\project-pentagram\retiles\debug\retiles.tlog\link.command.1.tlog
d:\project-pentagram\retiles\debug\retiles.tlog\link.read.1.tlog
d:\project-pentagram\retiles\debug\retiles.tlog\link.write.1.tlog
