  AnimatedObject.cpp
  Camera.cpp
D:\Project-Pentagram\Retiles\Level.h(26): warning C4091: 'static ': ignored on left of 'Tiles::TILETYPE' when no variable is declared
D:\Project-Pentagram\Retiles\Camera.cpp(10,10): warning C4244: '=': conversion from 'float' to 'int', possible loss of data
D:\Project-Pentagram\Retiles\Camera.cpp(11,10): warning C4244: '=': conversion from 'float' to 'int', possible loss of data
D:\Project-Pentagram\Retiles\Camera.cpp(30,16): warning C4244: '=': conversion from 'int' to 'T', possible loss of data
          with
          [
              T=float
          ]
D:\Project-Pentagram\Retiles\Camera.cpp(34,16): warning C4244: '=': conversion from 'int' to 'T', possible loss of data
          with
          [
              T=float
          ]
D:\Project-Pentagram\Retiles\Camera.cpp(39,16): warning C4244: '=': conversion from 'int' to 'T', possible loss of data
          with
          [
              T=float
          ]
D:\Project-Pentagram\Retiles\Camera.cpp(43,16): warning C4244: '=': conversion from 'int' to 'T', possible loss of data
          with
          [
              T=float
          ]
  CDT.cpp
D:\Project-Pentagram\Retiles\CDT.cpp(34,12): warning C4244: 'argument': conversion from 'time_t' to 'unsigned int', possible loss of data
  Chunk.cpp
  GameObject.cpp
  GameStateLevel1.cpp
D:\Project-Pentagram\Retiles\Level.h(26): warning C4091: 'static ': ignored on left of 'Tiles::TILETYPE' when no variable is declared
D:\Project-Pentagram\Retiles\GameStateLevel1.cpp(52): warning C4091: 'static ': ignored on left of 'ObjectType::TYPE' when no variable is declared
D:\Project-Pentagram\Retiles\GameStateLevel1.cpp(63,20): warning C4018: '<': signed/unsigned mismatch
D:\Project-Pentagram\Retiles\GameStateLevel1.cpp(86,20): warning C4018: '<': signed/unsigned mismatch
D:\Project-Pentagram\Retiles\GameStateLevel1.cpp(96,19): warning C4018: '<': signed/unsigned mismatch
D:\Project-Pentagram\Retiles\GameStateLevel1.cpp(106,82): warning C4316: 'GameObject': object allocated on the heap may not be aligned 16
D:\Project-Pentagram\Retiles\GameStateLevel1.cpp(115,76): warning C4316: 'GameObject': object allocated on the heap may not be aligned 16
D:\Project-Pentagram\Retiles\GameStateLevel1.cpp(120,77): warning C4316: 'GameObject': object allocated on the heap may not be aligned 16
D:\Project-Pentagram\Retiles\GameStateLevel1.cpp(125,79): warning C4316: 'GameObject': object allocated on the heap may not be aligned 16
D:\Project-Pentagram\Retiles\GameStateLevel1.cpp(131,82): warning C4316: 'GameObject': object allocated on the heap may not be aligned 16
D:\Project-Pentagram\Retiles\GameStateLevel1.cpp(205,142): warning C4316: 'GameObject': object allocated on the heap may not be aligned 16
D:\Project-Pentagram\Retiles\GameStateLevel1.cpp(208,169): warning C4316: 'Player': object allocated on the heap may not be aligned 16
D:\Project-Pentagram\Retiles\GameStateLevel1.cpp(224,155): warning C4316: 'AnimatedObject': object allocated on the heap may not be aligned 16
D:\Project-Pentagram\Retiles\GameStateLevel1.cpp(263,150): warning C4316: 'GameObject': object allocated on the heap may not be aligned 16
D:\Project-Pentagram\Retiles\GameStateLevel1.cpp(312,43): warning C4244: '+=': conversion from 'double' to 'T', possible loss of data
          with
          [
              T=float
          ]
  Level.cpp
D:\Project-Pentagram\Retiles\Level.h(26): warning C4091: 'static ': ignored on left of 'Tiles::TILETYPE' when no variable is declared
D:\Project-Pentagram\Retiles\Level.cpp(68,20): warning C4018: '<': signed/unsigned mismatch
D:\Project-Pentagram\Retiles\Level.cpp(68,42): warning C4018: '<': signed/unsigned mismatch
D:\Project-Pentagram\Retiles\Level.cpp(186,20): warning C4018: '<': signed/unsigned mismatch
  main.cpp
  PhysicObject.cpp
  Player.cpp
D:\Project-Pentagram\Retiles\Player.cpp(19,21): warning C4244: '=': conversion from 'int' to 'T', possible loss of data
          with
          [
              T=float
          ]
D:\Project-Pentagram\Retiles\Player.cpp(35,21): warning C4244: '=': conversion from 'int' to 'T', possible loss of data
          with
          [
              T=float
          ]
D:\Project-Pentagram\Retiles\Player.cpp(44,21): warning C4244: '=': conversion from 'int' to 'T', possible loss of data
          with
          [
              T=float
          ]
  shader.cpp
  Sprite.cpp
  system.cpp
  TimerSystem.cpp
  Transform.cpp
  Generating Code...
D:\Project-Pentagram\Retiles\system.cpp(50): warning C4715: 'SystemInit': not all control paths return a value
LINK : warning LNK4098: defaultlib 'LIBCMT' conflicts with use of other libs; use /NODEFAULTLIB:library
LINK : warning LNK4098: defaultlib 'MSVCRT' conflicts with use of other libs; use /NODEFAULTLIB:library
glew32s.lib(glew.obj) : warning LNK4099: PDB 'vc120.pdb' was not found with 'glew32s.lib(glew.obj)' or at 'D:\Project-Pentagram\Debug\vc120.pdb'; linking object as if no debug info
SOIL.lib(image_DXT.obj) : warning LNK4099: PDB 'vc120.pdb' was not found with 'SOIL.lib(image_DXT.obj)' or at 'D:\Project-Pentagram\Debug\vc120.pdb'; linking object as if no debug info
SOIL.lib(image_helper.obj) : warning LNK4099: PDB 'vc120.pdb' was not found with 'SOIL.lib(image_helper.obj)' or at 'D:\Project-Pentagram\Debug\vc120.pdb'; linking object as if no debug info
SOIL.lib(SOIL.obj) : warning LNK4099: PDB 'vc120.pdb' was not found with 'SOIL.lib(SOIL.obj)' or at 'D:\Project-Pentagram\Debug\vc120.pdb'; linking object as if no debug info
SOIL.lib(stb_image_aug.obj) : warning LNK4099: PDB 'vc120.pdb' was not found with 'SOIL.lib(stb_image_aug.obj)' or at 'D:\Project-Pentagram\Debug\vc120.pdb'; linking object as if no debug info
  Retiles.vcxproj -> D:\Project-Pentagram\Debug\Retiles.exe
